<?xml version="1.0" encoding="UTF-8"?>
<testng-results ignored="0" total="1" passed="1" failed="0" skipped="0">
  <reporter-output>
  </reporter-output>
  <suite started-at="2021-10-26T12:12:32 IST" name="Surefire suite" finished-at="2021-10-26T12:13:13 IST" duration-ms="41158">
    <groups>
    </groups>
    <test started-at="2021-10-26T12:12:32 IST" name="Surefire test" finished-at="2021-10-26T12:13:13 IST" duration-ms="41158">
      <class name="com.whatsapp.AppTest">
        <test-method signature="shouldAnswerWithTrue()" started-at="2021-10-26T12:13:13 IST" name="shouldAnswerWithTrue" finished-at="2021-10-26T12:13:13 IST" duration-ms="2" status="PASS">
          <reporter-output>
          </reporter-output>
        </test-method> <!-- shouldAnswerWithTrue -->
      </class> <!-- com.whatsapp.AppTest -->
    </test> <!-- Surefire test -->
  </suite> <!-- Surefire suite -->
</testng-results>
